May 15, 2017 12:05:49 AM org.apache.catalina.core.ApplicationContext log
INFO: ContextListener: contextInitialized()
May 15, 2017 12:05:49 AM org.apache.catalina.core.ApplicationContext log
INFO: SessionListener: contextInitialized()
May 15, 2017 12:05:49 AM org.apache.catalina.core.ApplicationContext log
INFO: ContextListener: attributeAdded('org.apache.jasper.compiler.TldLocationsCache', 'org.apache.jasper.compiler.TldLocationsCache@75bcdc5a')
May 15, 2017 12:05:49 AM org.apache.catalina.core.ApplicationContext log
INFO: SessionListener: contextDestroyed()
May 15, 2017 12:05:49 AM org.apache.catalina.core.ApplicationContext log
INFO: ContextListener: contextDestroyed()
May 15, 2017 12:09:49 AM org.apache.catalina.core.ApplicationContext log
INFO: ContextListener: contextInitialized()
May 15, 2017 12:09:49 AM org.apache.catalina.core.ApplicationContext log
INFO: SessionListener: contextInitialized()
May 15, 2017 12:09:49 AM org.apache.catalina.core.ApplicationContext log
INFO: ContextListener: attributeAdded('org.apache.jasper.compiler.TldLocationsCache', 'org.apache.jasper.compiler.TldLocationsCache@75bcdc5a')
May 15, 2017 12:23:49 AM org.apache.catalina.core.ApplicationContext log
INFO: ContextListener: contextInitialized()
May 15, 2017 12:23:49 AM org.apache.catalina.core.ApplicationContext log
INFO: SessionListener: contextInitialized()
May 15, 2017 12:23:49 AM org.apache.catalina.core.ApplicationContext log
INFO: ContextListener: attributeAdded('org.apache.jasper.compiler.TldLocationsCache', 'org.apache.jasper.compiler.TldLocationsCache@75bcdc5a')
May 15, 2017 12:26:18 AM org.apache.catalina.core.ApplicationContext log
INFO: ContextListener: contextInitialized()
May 15, 2017 12:26:18 AM org.apache.catalina.core.ApplicationContext log
INFO: SessionListener: contextInitialized()
May 15, 2017 12:26:18 AM org.apache.catalina.core.ApplicationContext log
INFO: ContextListener: attributeAdded('org.apache.jasper.compiler.TldLocationsCache', 'org.apache.jasper.compiler.TldLocationsCache@75bcdc5a')
May 15, 2017 12:28:03 AM org.apache.catalina.core.ApplicationContext log
INFO: ContextListener: contextInitialized()
May 15, 2017 12:28:03 AM org.apache.catalina.core.ApplicationContext log
INFO: SessionListener: contextInitialized()
May 15, 2017 12:28:03 AM org.apache.catalina.core.ApplicationContext log
INFO: ContextListener: attributeAdded('org.apache.jasper.compiler.TldLocationsCache', 'org.apache.jasper.compiler.TldLocationsCache@2611b425')
May 15, 2017 12:31:04 AM org.apache.catalina.core.ApplicationContext log
INFO: ContextListener: contextInitialized()
May 15, 2017 12:31:04 AM org.apache.catalina.core.ApplicationContext log
INFO: SessionListener: contextInitialized()
May 15, 2017 12:31:04 AM org.apache.catalina.core.ApplicationContext log
INFO: ContextListener: attributeAdded('org.apache.jasper.compiler.TldLocationsCache', 'org.apache.jasper.compiler.TldLocationsCache@6b7a904d')
May 15, 2017 4:37:32 AM org.apache.catalina.core.ApplicationContext log
INFO: ContextListener: contextInitialized()
May 15, 2017 4:37:32 AM org.apache.catalina.core.ApplicationContext log
INFO: SessionListener: contextInitialized()
May 15, 2017 4:37:32 AM org.apache.catalina.core.ApplicationContext log
INFO: ContextListener: attributeAdded('org.apache.jasper.compiler.TldLocationsCache', 'org.apache.jasper.compiler.TldLocationsCache@75bcdc5a')
May 15, 2017 4:37:33 AM org.apache.catalina.core.ApplicationContext log
INFO: Marking servlet Startup as unavailable
May 15, 2017 4:37:33 AM org.apache.catalina.core.StandardContext loadOnStartup
SEVERE: Servlet /GameSpeedServletCSSwithSAXTutorial threw load() exception
java.lang.ClassNotFoundException: Startup
	at org.apache.catalina.loader.WebappClassLoader.loadClass(WebappClassLoader.java:1714)
	at org.apache.catalina.loader.WebappClassLoader.loadClass(WebappClassLoader.java:1559)
	at org.apache.catalina.core.DefaultInstanceManager.loadClass(DefaultInstanceManager.java:532)
	at org.apache.catalina.core.DefaultInstanceManager.loadClassMaybePrivileged(DefaultInstanceManager.java:514)
	at org.apache.catalina.core.DefaultInstanceManager.newInstance(DefaultInstanceManager.java:133)
	at org.apache.catalina.core.StandardWrapper.loadServlet(StandardWrapper.java:1137)
	at org.apache.catalina.core.StandardWrapper.load(StandardWrapper.java:1081)
	at org.apache.catalina.core.StandardContext.loadOnStartup(StandardContext.java:5027)
	at org.apache.catalina.core.StandardContext.startInternal(StandardContext.java:5314)
	at org.apache.catalina.util.LifecycleBase.start(LifecycleBase.java:150)
	at org.apache.catalina.core.ContainerBase.addChildInternal(ContainerBase.java:901)
	at org.apache.catalina.core.ContainerBase.addChild(ContainerBase.java:877)
	at org.apache.catalina.core.StandardHost.addChild(StandardHost.java:633)
	at org.apache.catalina.startup.HostConfig.deployDirectory(HostConfig.java:1114)
	at org.apache.catalina.startup.HostConfig$DeployDirectory.run(HostConfig.java:1673)
	at java.util.concurrent.Executors$RunnableAdapter.call(Executors.java:511)
	at java.util.concurrent.FutureTask.run(FutureTask.java:266)
	at java.util.concurrent.ThreadPoolExecutor.runWorker(ThreadPoolExecutor.java:1142)
	at java.util.concurrent.ThreadPoolExecutor$Worker.run(ThreadPoolExecutor.java:617)
	at java.lang.Thread.run(Thread.java:745)

May 15, 2017 4:37:33 AM org.apache.catalina.core.ApplicationContext log
INFO: SessionListener: contextDestroyed()
May 15, 2017 4:37:33 AM org.apache.catalina.core.ApplicationContext log
INFO: ContextListener: contextDestroyed()
May 15, 2017 4:38:03 AM org.apache.catalina.core.ApplicationContext log
INFO: ContextListener: contextInitialized()
May 15, 2017 4:38:03 AM org.apache.catalina.core.ApplicationContext log
INFO: SessionListener: contextInitialized()
May 15, 2017 4:38:03 AM org.apache.catalina.core.ApplicationContext log
INFO: ContextListener: attributeAdded('org.apache.jasper.compiler.TldLocationsCache', 'org.apache.jasper.compiler.TldLocationsCache@6b7a904d')
May 15, 2017 4:38:04 AM org.apache.catalina.core.ApplicationContext log
INFO: Marking servlet Startup as unavailable
May 15, 2017 4:38:04 AM org.apache.catalina.core.StandardContext loadOnStartup
SEVERE: Servlet /GameSpeedServletCSSwithSAXTutorial threw load() exception
java.lang.ClassNotFoundException: Startup
	at org.apache.catalina.loader.WebappClassLoader.loadClass(WebappClassLoader.java:1714)
	at org.apache.catalina.loader.WebappClassLoader.loadClass(WebappClassLoader.java:1559)
	at org.apache.catalina.core.DefaultInstanceManager.loadClass(DefaultInstanceManager.java:532)
	at org.apache.catalina.core.DefaultInstanceManager.loadClassMaybePrivileged(DefaultInstanceManager.java:514)
	at org.apache.catalina.core.DefaultInstanceManager.newInstance(DefaultInstanceManager.java:133)
	at org.apache.catalina.core.StandardWrapper.loadServlet(StandardWrapper.java:1137)
	at org.apache.catalina.core.StandardWrapper.load(StandardWrapper.java:1081)
	at org.apache.catalina.core.StandardContext.loadOnStartup(StandardContext.java:5027)
	at org.apache.catalina.core.StandardContext.startInternal(StandardContext.java:5314)
	at org.apache.catalina.util.LifecycleBase.start(LifecycleBase.java:150)
	at org.apache.catalina.core.ContainerBase.addChildInternal(ContainerBase.java:901)
	at org.apache.catalina.core.ContainerBase.addChild(ContainerBase.java:877)
	at org.apache.catalina.core.StandardHost.addChild(StandardHost.java:633)
	at org.apache.catalina.startup.HostConfig.deployDirectory(HostConfig.java:1114)
	at org.apache.catalina.startup.HostConfig$DeployDirectory.run(HostConfig.java:1673)
	at java.util.concurrent.Executors$RunnableAdapter.call(Executors.java:511)
	at java.util.concurrent.FutureTask.run(FutureTask.java:266)
	at java.util.concurrent.ThreadPoolExecutor.runWorker(ThreadPoolExecutor.java:1142)
	at java.util.concurrent.ThreadPoolExecutor$Worker.run(ThreadPoolExecutor.java:617)
	at java.lang.Thread.run(Thread.java:745)

May 15, 2017 4:47:28 AM org.apache.catalina.core.ApplicationContext log
INFO: Marking servlet Home as unavailable
May 15, 2017 4:47:28 AM org.apache.catalina.core.StandardWrapperValve invoke
SEVERE: Allocate exception for servlet Home
java.lang.ClassNotFoundException: Home
	at org.apache.catalina.loader.WebappClassLoader.loadClass(WebappClassLoader.java:1714)
	at org.apache.catalina.loader.WebappClassLoader.loadClass(WebappClassLoader.java:1559)
	at org.apache.catalina.core.DefaultInstanceManager.loadClass(DefaultInstanceManager.java:532)
	at org.apache.catalina.core.DefaultInstanceManager.loadClassMaybePrivileged(DefaultInstanceManager.java:514)
	at org.apache.catalina.core.DefaultInstanceManager.newInstance(DefaultInstanceManager.java:133)
	at org.apache.catalina.core.StandardWrapper.loadServlet(StandardWrapper.java:1137)
	at org.apache.catalina.core.StandardWrapper.allocate(StandardWrapper.java:858)
	at org.apache.catalina.core.StandardWrapperValve.invoke(StandardWrapperValve.java:136)
	at org.apache.catalina.core.StandardContextValve.invoke(StandardContextValve.java:123)
	at org.apache.catalina.authenticator.AuthenticatorBase.invoke(AuthenticatorBase.java:472)
	at org.apache.catalina.core.StandardHostValve.invoke(StandardHostValve.java:171)
	at org.apache.catalina.valves.ErrorReportValve.invoke(ErrorReportValve.java:99)
	at org.apache.catalina.valves.AccessLogValve.invoke(AccessLogValve.java:936)
	at org.apache.catalina.core.StandardEngineValve.invoke(StandardEngineValve.java:118)
	at org.apache.catalina.connector.CoyoteAdapter.service(CoyoteAdapter.java:407)
	at org.apache.coyote.http11.AbstractHttp11Processor.process(AbstractHttp11Processor.java:1004)
	at org.apache.coyote.AbstractProtocol$AbstractConnectionHandler.process(AbstractProtocol.java:589)
	at org.apache.tomcat.util.net.JIoEndpoint$SocketProcessor.run(JIoEndpoint.java:310)
	at java.util.concurrent.ThreadPoolExecutor.runWorker(ThreadPoolExecutor.java:1142)
	at java.util.concurrent.ThreadPoolExecutor$Worker.run(ThreadPoolExecutor.java:617)
	at java.lang.Thread.run(Thread.java:745)

May 15, 2017 4:51:44 AM org.apache.catalina.core.ApplicationContext log
INFO: ContextListener: contextInitialized()
May 15, 2017 4:51:44 AM org.apache.catalina.core.ApplicationContext log
INFO: SessionListener: contextInitialized()
May 15, 2017 4:51:44 AM org.apache.catalina.core.ApplicationContext log
INFO: ContextListener: attributeAdded('org.apache.jasper.compiler.TldLocationsCache', 'org.apache.jasper.compiler.TldLocationsCache@6b7a904d')
May 15, 2017 4:55:58 AM org.apache.catalina.core.ApplicationContext log
INFO: ContextListener: contextInitialized()
May 15, 2017 4:55:58 AM org.apache.catalina.core.ApplicationContext log
INFO: SessionListener: contextInitialized()
May 15, 2017 4:55:58 AM org.apache.catalina.core.ApplicationContext log
INFO: ContextListener: attributeAdded('org.apache.jasper.compiler.TldLocationsCache', 'org.apache.jasper.compiler.TldLocationsCache@46752035')
May 15, 2017 4:57:23 AM org.apache.catalina.core.StandardWrapperValve invoke
SEVERE: Servlet.service() for servlet [Registration] in context with path [/GameSpeedServletCSSwithSAXTutorial] threw exception
java.lang.NullPointerException
	at Registration.doPost(Registration.java:61)
	at javax.servlet.http.HttpServlet.service(HttpServlet.java:647)
	at javax.servlet.http.HttpServlet.service(HttpServlet.java:728)
	at org.apache.catalina.core.ApplicationFilterChain.internalDoFilter(ApplicationFilterChain.java:305)
	at org.apache.catalina.core.ApplicationFilterChain.doFilter(ApplicationFilterChain.java:210)
	at org.apache.catalina.core.StandardWrapperValve.invoke(StandardWrapperValve.java:222)
	at org.apache.catalina.core.StandardContextValve.invoke(StandardContextValve.java:123)
	at org.apache.catalina.authenticator.AuthenticatorBase.invoke(AuthenticatorBase.java:472)
	at org.apache.catalina.core.StandardHostValve.invoke(StandardHostValve.java:171)
	at org.apache.catalina.valves.ErrorReportValve.invoke(ErrorReportValve.java:99)
	at org.apache.catalina.valves.AccessLogValve.invoke(AccessLogValve.java:936)
	at org.apache.catalina.core.StandardEngineValve.invoke(StandardEngineValve.java:118)
	at org.apache.catalina.connector.CoyoteAdapter.service(CoyoteAdapter.java:407)
	at org.apache.coyote.http11.AbstractHttp11Processor.process(AbstractHttp11Processor.java:1004)
	at org.apache.coyote.AbstractProtocol$AbstractConnectionHandler.process(AbstractProtocol.java:589)
	at org.apache.tomcat.util.net.JIoEndpoint$SocketProcessor.run(JIoEndpoint.java:312)
	at java.util.concurrent.ThreadPoolExecutor.runWorker(ThreadPoolExecutor.java:1142)
	at java.util.concurrent.ThreadPoolExecutor$Worker.run(ThreadPoolExecutor.java:617)
	at java.lang.Thread.run(Thread.java:745)

May 15, 2017 5:37:28 AM org.apache.catalina.core.ApplicationContext log
INFO: ContextListener: contextInitialized()
May 15, 2017 5:37:28 AM org.apache.catalina.core.ApplicationContext log
INFO: SessionListener: contextInitialized()
May 15, 2017 5:37:28 AM org.apache.catalina.core.ApplicationContext log
INFO: ContextListener: attributeAdded('org.apache.jasper.compiler.TldLocationsCache', 'org.apache.jasper.compiler.TldLocationsCache@75bcdc5a')
May 15, 2017 5:37:29 AM org.apache.catalina.core.ApplicationContext log
INFO: SessionListener: contextDestroyed()
May 15, 2017 5:37:29 AM org.apache.catalina.core.ApplicationContext log
INFO: ContextListener: contextDestroyed()
May 15, 2017 5:37:44 AM org.apache.catalina.core.ApplicationContext log
INFO: ContextListener: contextInitialized()
May 15, 2017 5:37:44 AM org.apache.catalina.core.ApplicationContext log
INFO: SessionListener: contextInitialized()
May 15, 2017 5:37:44 AM org.apache.catalina.core.ApplicationContext log
INFO: ContextListener: attributeAdded('org.apache.jasper.compiler.TldLocationsCache', 'org.apache.jasper.compiler.TldLocationsCache@46752035')
May 15, 2017 5:40:03 AM org.apache.catalina.core.ApplicationContext log
INFO: ContextListener: contextInitialized()
May 15, 2017 5:40:03 AM org.apache.catalina.core.ApplicationContext log
INFO: SessionListener: contextInitialized()
May 15, 2017 5:40:03 AM org.apache.catalina.core.ApplicationContext log
INFO: ContextListener: attributeAdded('org.apache.jasper.compiler.TldLocationsCache', 'org.apache.jasper.compiler.TldLocationsCache@6b7a904d')
May 15, 2017 5:41:31 AM org.apache.catalina.core.StandardWrapperValve invoke
SEVERE: Servlet.service() for servlet [Registration] in context with path [/GameSpeedServletCSSwithSAXTutorial] threw exception
java.lang.NullPointerException
	at Registration.doPost(Registration.java:61)
	at javax.servlet.http.HttpServlet.service(HttpServlet.java:647)
	at javax.servlet.http.HttpServlet.service(HttpServlet.java:728)
	at org.apache.catalina.core.ApplicationFilterChain.internalDoFilter(ApplicationFilterChain.java:305)
	at org.apache.catalina.core.ApplicationFilterChain.doFilter(ApplicationFilterChain.java:210)
	at org.apache.catalina.core.StandardWrapperValve.invoke(StandardWrapperValve.java:222)
	at org.apache.catalina.core.StandardContextValve.invoke(StandardContextValve.java:123)
	at org.apache.catalina.authenticator.AuthenticatorBase.invoke(AuthenticatorBase.java:472)
	at org.apache.catalina.core.StandardHostValve.invoke(StandardHostValve.java:171)
	at org.apache.catalina.valves.ErrorReportValve.invoke(ErrorReportValve.java:99)
	at org.apache.catalina.valves.AccessLogValve.invoke(AccessLogValve.java:936)
	at org.apache.catalina.core.StandardEngineValve.invoke(StandardEngineValve.java:118)
	at org.apache.catalina.connector.CoyoteAdapter.service(CoyoteAdapter.java:407)
	at org.apache.coyote.http11.AbstractHttp11Processor.process(AbstractHttp11Processor.java:1004)
	at org.apache.coyote.AbstractProtocol$AbstractConnectionHandler.process(AbstractProtocol.java:589)
	at org.apache.tomcat.util.net.JIoEndpoint$SocketProcessor.run(JIoEndpoint.java:312)
	at java.util.concurrent.ThreadPoolExecutor.runWorker(ThreadPoolExecutor.java:1142)
	at java.util.concurrent.ThreadPoolExecutor$Worker.run(ThreadPoolExecutor.java:617)
	at java.lang.Thread.run(Thread.java:745)

May 15, 2017 6:04:23 AM org.apache.catalina.core.ApplicationContext log
INFO: ContextListener: contextInitialized()
May 15, 2017 6:04:23 AM org.apache.catalina.core.ApplicationContext log
INFO: SessionListener: contextInitialized()
May 15, 2017 6:04:23 AM org.apache.catalina.core.ApplicationContext log
INFO: ContextListener: attributeAdded('org.apache.jasper.compiler.TldLocationsCache', 'org.apache.jasper.compiler.TldLocationsCache@46752035')
